# JRE version: OpenJDK Runtime Environment JBR-11.0.9.1.11-1145.77-jcef (11.0.9.1+11) (build 11.0.9.1+11-b1145.77)
# Java VM: OpenJDK 64-Bit Server VM JBR-11.0.9.1.11-1145.77-jcef (11.0.9.1+11-b1145.77, mixed mode, tiered, compressed oops, g1 gc, windows-amd64)
Heap:
 garbage-first heap   total 131072K, used 11339K [0x0000000081400000, 0x0000000100000000)
  region size 1024K, 5 young (5120K), 0 survivors (0K)
 Metaspace       used 22305K, capacity 22891K, committed 23216K, reserved 1071104K
  class space    used 2242K, capacity 2442K, committed 2560K, reserved 1048576K
GC Heap History (6 events):
Event: 0.730 GC heap before
{Heap before GC invocations=0 (full 0):
 garbage-first heap   total 131072K, used 23552K [0x0000000081400000, 0x0000000100000000)
  region size 1024K, 24 young (24576K), 0 survivors (0K)
 Metaspace       used 15457K, capacity 15945K, committed 16256K, reserved 1062912K
  class space    used 1625K, capacity 1820K, committed 1920K, reserved 1048576K
}
Event: 0.734 GC heap after
{Heap after GC invocations=1 (full 0):
 garbage-first heap   total 131072K, used 5130K [0x0000000081400000, 0x0000000100000000)
  region size 1024K, 3 young (3072K), 3 survivors (3072K)
 Metaspace       used 15457K, capacity 15945K, committed 16256K, reserved 1062912K
  class space    used 1625K, capacity 1820K, committed 1920K, reserved 1048576K
}
Event: 1.199 GC heap before
{Heap before GC invocations=1 (full 0):
 garbage-first heap   total 131072K, used 16394K [0x0000000081400000, 0x0000000100000000)
  region size 1024K, 15 young (15360K), 3 survivors (3072K)
 Metaspace       used 20616K, capacity 21136K, committed 21296K, reserved 1069056K
  class space    used 2147K, capacity 2322K, committed 2432K, reserved 1048576K
}
Event: 1.203 GC heap after
{Heap after GC invocations=2 (full 0):
 garbage-first heap   total 131072K, used 6925K [0x0000000081400000, 0x0000000100000000)
  region size 1024K, 2 young (2048K), 2 survivors (2048K)
 Metaspace       used 20616K, capacity 21136K, committed 21296K, reserved 1069056K
  class space    used 2147K, capacity 2322K, committed 2432K, reserved 1048576K
}
Event: 3601.205 GC heap before
{Heap before GC invocations=3 (full 0):
 garbage-first heap   total 131072K, used 43789K [0x0000000081400000, 0x0000000100000000)
  region size 1024K, 40 young (40960K), 2 survivors (2048K)
 Metaspace       used 22259K, capacity 22833K, committed 23216K, reserved 1071104K
  class space    used 2242K, capacity 2444K, committed 2560K, reserved 1048576K
}
Event: 3601.238 GC heap after
{Heap after GC invocations=4 (full 1):
 garbage-first heap   total 131072K, used 7243K [0x0000000081400000, 0x0000000100000000)
  region size 1024K, 0 young (0K), 0 survivors (0K)
 Metaspace       used 22255K, capacity 22827K, committed 23216K, reserved 1071104K
  class space    used 2241K, capacity 2442K, committed 2560K, reserved 1048576K
}

